<?xml version="1.0" encoding="UTF-8"?>
<!-- Generated by org.testng.reporters.JUnitReportReporter -->
<testsuite skipped="0" hostname="DESKTOP-3LU49E4" name="org.testNG2.UserManager" tests="2" failures="0" timestamp="2022-01-22T15:45:01 IST" time="0.003" errors="0">
  <testcase name="createUser" time="0.001" classname="org.testNG2.UserManager"/>
  <system-out/>
  <testcase name="updateUser" time="0.002" classname="org.testNG2.UserManager"/>
  <system-out/>
</testsuite> <!-- org.testNG2.UserManager -->
