<?xml version="1.0" encoding="UTF-8"?>
<!-- Generated by org.testng.reporters.JUnitReportReporter -->
<testsuite skipped="0" hostname="DESKTOP-3LU49E4" name="org.testNG1.AnnotationEx1" tests="1" failures="0" timestamp="2022-01-20T16:18:28 IST" time="2.079" errors="0">
  <testcase name="testmethod1" time="2.079" classname="org.testNG1.AnnotationEx1"/>
  <system-out/>
</testsuite> <!-- org.testNG1.AnnotationEx1 -->
