<?xml version="1.0" encoding="UTF-8"?>
<!-- Generated by org.testng.reporters.JUnitReportReporter -->
<testsuite skipped="0" hostname="DESKTOP-3LU49E4" name="org.testNG2.AccountManager" tests="2" failures="0" timestamp="2022-01-22T15:45:01 IST" time="0.011" errors="0">
  <testcase name="updateAccount" time="0.002" classname="org.testNG2.AccountManager"/>
  <system-out>
    <![CDATA[Update Account]]>
  </system-out>
  <testcase name="createAccount" time="0.009" classname="org.testNG2.AccountManager"/>
  <system-out>
    <![CDATA[Create Account]]>
  </system-out>
</testsuite> <!-- org.testNG2.AccountManager -->
