<?xml version="1.0" encoding="UTF-8"?>
<!-- Generated by org.testng.reporters.JUnitReportReporter -->
<testsuite skipped="0" hostname="DESKTOP-3LU49E4" name="org.testNG2.ParallelEx1" tests="2" failures="0" timestamp="2022-01-23T09:11:50 IST" time="8.387" errors="0">
  <testcase name="testFF" time="3.655" classname="org.testNG2.ParallelEx1"/>
  <system-out/>
  <testcase name="testCH" time="4.732" classname="org.testNG2.ParallelEx1"/>
  <system-out/>
</testsuite> <!-- org.testNG2.ParallelEx1 -->
