<?xml version="1.0" encoding="UTF-8"?>
<!-- Generated by org.testng.reporters.JUnitReportReporter -->
<testsuite skipped="0" hostname="DESKTOP-3LU49E4" name="org.testNG1.AsciiSequenceExecution" tests="8" failures="0" timestamp="2022-01-19T13:08:46 IST" time="0.024" errors="0">
  <testcase name="login" time="0.014" classname="org.testNG1.AsciiSequenceExecution"/>
  <system-out/>
  <testcase name="CreateCustomer" time="0.002" classname="org.testNG1.AsciiSequenceExecution"/>
  <system-out/>
  <testcase name="Updatecustomer" time="0.001" classname="org.testNG1.AsciiSequenceExecution"/>
  <system-out/>
  <testcase name="DeleteCustomer" time="0.002" classname="org.testNG1.AsciiSequenceExecution"/>
  <system-out/>
  <testcase name="createcustomer" time="0.002" classname="org.testNG1.AsciiSequenceExecution"/>
  <system-out/>
  <testcase name="updatecustomer" time="0.001" classname="org.testNG1.AsciiSequenceExecution"/>
  <system-out/>
  <testcase name="deleteCustomer" time="0.001" classname="org.testNG1.AsciiSequenceExecution"/>
  <system-out/>
  <testcase name="logout" time="0.001" classname="org.testNG1.AsciiSequenceExecution"/>
  <system-out/>
</testsuite> <!-- org.testNG1.AsciiSequenceExecution -->
