<?xml version="1.0" encoding="UTF-8"?>
<!-- Generated by org.testng.reporters.JUnitReportReporter -->
<testsuite skipped="0" hostname="DESKTOP-3LU49E4" name="org.testNG1.AnnotationEx" tests="2" failures="0" timestamp="2022-01-20T13:58:25 IST" time="0.013" errors="0">
  <testcase name="testmethod1" time="0.010" classname="org.testNG1.AnnotationEx"/>
  <system-out/>
  <testcase name="testmethod2" time="0.003" classname="org.testNG1.AnnotationEx"/>
  <system-out/>
</testsuite> <!-- org.testNG1.AnnotationEx -->
