<?xml version="1.0" encoding="UTF-8"?>
<!-- Generated by org.testng.reporters.JUnitReportReporter -->
<testsuite skipped="0" hostname="DESKTOP-3LU49E4" name="org.testNG1.TestCases" tests="3" failures="0" timestamp="2022-01-19T13:48:54 IST" time="0.012" errors="0">
  <testcase name="CreateCustomer" time="0.009" classname="org.testNG1.TestCases"/>
  <system-out/>
  <testcase name="UpdateCustomer" time="0.001" classname="org.testNG1.TestCases"/>
  <system-out/>
  <testcase name="DeleteCustomer" time="0.002" classname="org.testNG1.TestCases"/>
  <system-out/>
</testsuite> <!-- org.testNG1.TestCases -->
