<?xml version="1.0" encoding="UTF-8"?>
<!-- Generated by org.testng.reporters.JUnitReportReporter -->
<testsuite skipped="0" hostname="DESKTOP-3LU49E4" name="org.testNG1.PriorityExample" tests="5" failures="0" timestamp="2022-01-19T13:29:55 IST" time="0.016" errors="0">
  <testcase name="test1" time="0.011" classname="org.testNG1.PriorityExample"/>
  <system-out/>
  <testcase name="test4" time="0.002" classname="org.testNG1.PriorityExample"/>
  <system-out/>
  <testcase name="test2" time="0.001" classname="org.testNG1.PriorityExample"/>
  <system-out/>
  <testcase name="login" time="0.001" classname="org.testNG1.PriorityExample"/>
  <system-out/>
  <testcase name="test3" time="0.001" classname="org.testNG1.PriorityExample"/>
  <system-out/>
</testsuite> <!-- org.testNG1.PriorityExample -->
