<?xml version="1.0" encoding="UTF-8"?>
<!-- Generated by org.testng.reporters.JUnitReportReporter -->
<testsuite skipped="0" hostname="DESKTOP-3LU49E4" name="org.testNG2.InvocationCount" tests="3" failures="0" timestamp="2022-01-22T15:45:01 IST" time="17.998" errors="0">
  <testcase name="test1" time="7.098" classname="org.testNG2.InvocationCount"/>
  <system-out/>
  <testcase name="test1" time="7.131" classname="org.testNG2.InvocationCount"/>
  <system-out/>
  <testcase name="test1" time="3.769" classname="org.testNG2.InvocationCount"/>
  <system-out/>
</testsuite> <!-- org.testNG2.InvocationCount -->
