<?xml version="1.0" encoding="UTF-8"?>
<!-- Generated by org.testng.reporters.JUnitReportReporter -->
<testsuite skipped="0" hostname="DESKTOP-3LU49E4" name="org.testNG1.Ex1" tests="4" failures="0" timestamp="2022-01-19T11:28:53 IST" time="0.015" errors="0">
  <testcase name="test4" time="0.002" classname="org.testNG1.Ex1"/>
  <system-out/>
  <testcase name="test2" time="0.002" classname="org.testNG1.Ex1"/>
  <system-out/>
  <testcase name="test1" time="0.010" classname="org.testNG1.Ex1"/>
  <system-out/>
  <testcase name="test3" time="0.001" classname="org.testNG1.Ex1"/>
  <system-out/>
</testsuite> <!-- org.testNG1.Ex1 -->
